#
# A fatal error has been detected by the Java Runtime Environment:
#
#  EXCEPTION_STACK_OVERFLOW (0xc00000fd) at pc=0x6d1d80a3, pid=4524, tid=392
#
# JRE version: Java(TM) SE Runtime Environment (8.0_65-b17) (build 1.8.0_65-b17)
# Java VM: Java HotSpot(TM) Client VM (25.65-b01 mixed mode windows-x86 )
# Problematic frame:
# V  [jvm.dll+0x1580a3]
#
# Failed to write core dump. Minidumps are not enabled by default on client versions of Windows
#
# If you would like to submit a bug report, please visit:
#   http://bugreport.java.com/bugreport/crash.jsp
#

---------------  T H R E A D  ---------------

Current thread (0x15f63800):  JavaThread "ForkJoinPool-1-worker-0" daemon [_thread_in_vm, id=392, stack(0x172a0000,0x172f0000)]

siginfo: ExceptionCode=0xc00000fd, ExceptionInformation=0x00000001 0x172edbfc 

Registers:
EAX=0x00002000, EBX=0x172efdec, ECX=0x172edbfc, EDX=0x150f81d8
ESP=0x172efc08, EBP=0x172efc74, ESI=0x00000003, EDI=0x172efbfc
EIP=0x6d1d80a3, EFLAGS=0x00010206

Top of Stack: (sp=0x172efc08)
0x172efc08:   1565afb0 15f63800 6d1d8933 00000000
0x172efc18:   15f63800 172efd5c 00000001 15f63800
0x172efc28:   6d102e75 15f63800 150f81d8 170c4790
0x172efc38:   172efc94 6d1037de 142244d0 170c4970
0x172efc48:   14222b78 15f63800 170c4790 15f63800
0x172efc58:   150f81d8 170c4790 15f63800 0000000a
0x172efc68:   172efd5c 1565afb0 02079a60 172efcbc
0x172efc78:   6d29df3e 172efde4 172efce8 172efd5c 

Instructions: (pc=0x6d1d80a3)
0x6d1d8083:   a9 5f 0c 00 be 01 00 00 00 8b f8 39 35 a0 48 3d
0x6d1d8093:   6d 7c 1b e8 f5 3d 06 00 0f af c6 8b cf 2b c8 46
0x6d1d80a3:   c7 01 00 00 00 00 3b 35 a0 48 3d 6d 7e e5 5f 5e
0x6d1d80b3:   c3 cc cc cc cc cc cc cc cc cc cc cc cc 8b 01 8b 


Register to memory mapping:

EAX=0x00002000 is an unknown value
EBX=0x172efdec is pointing into the stack for thread: 0x15f63800
ECX=0x172edbfc is pointing into the stack for thread: 0x15f63800
EDX=0x150f81d8 is an unknown value
ESP=0x172efc08 is pointing into the stack for thread: 0x15f63800
EBP=0x172efc74 is pointing into the stack for thread: 0x15f63800
ESI=0x00000003 is an unknown value
EDI=0x172efbfc is pointing into the stack for thread: 0x15f63800


Stack: [0x172a0000,0x172f0000],  sp=0x172efc08,  free space=319k
Native frames: (J=compiled Java code, j=interpreted, Vv=VM code, C=native code)
V  [jvm.dll+0x1580a3]
V  [jvm.dll+0x21df3e]
V  [jvm.dll+0x158a1e]
V  [jvm.dll+0x158ba6]
V  [jvm.dll+0x158c17]
V  [jvm.dll+0xfd45f]
V  [jvm.dll+0x17bddc]
V  [jvm.dll+0x17beca]
V  [jvm.dll+0x1c0466]
C  [msvcr100.dll+0x5c556]
C  [msvcr100.dll+0x5c600]
C  [KERNEL32.DLL+0x4198]
C  [ntdll.dll+0x52cb1]
C  [ntdll.dll+0x52c7f]
C  0x00000000


---------------  P R O C E S S  ---------------

Java Threads: ( => current thread )
=>0x15f63800 JavaThread "ForkJoinPool-1-worker-0" daemon [_thread_in_vm, id=392, stack(0x172a0000,0x172f0000)]
  0x15f63000 JavaThread "ForkJoinPool-1-worker-3" daemon [_thread_blocked, id=4876, stack(0x17250000,0x172a0000)]
  0x15f62400 JavaThread "ForkJoinPool-1-worker-2" daemon [_thread_blocked, id=4824, stack(0x17200000,0x17250000)]
  0x15f4fc00 JavaThread "ForkJoinPool-1-worker-1" daemon [_thread_blocked, id=5348, stack(0x171b0000,0x17200000)]
  0x15550c00 JavaThread "Java2D Disposer" daemon [_thread_blocked, id=4312, stack(0x158b0000,0x15900000)]
  0x146b9000 JavaThread "Service Thread" daemon [_thread_blocked, id=4128, stack(0x14b20000,0x14b70000)]
  0x146a2c00 JavaThread "C1 CompilerThread0" daemon [_thread_blocked, id=844, stack(0x14ad0000,0x14b20000)]
  0x146a1800 JavaThread "Attach Listener" daemon [_thread_blocked, id=3340, stack(0x14a80000,0x14ad0000)]
  0x1469f800 JavaThread "Signal Dispatcher" daemon [_thread_blocked, id=1152, stack(0x14a30000,0x14a80000)]
  0x14670c00 JavaThread "Finalizer" daemon [_thread_blocked, id=3452, stack(0x14900000,0x14950000)]
  0x1466c000 JavaThread "Reference Handler" daemon [_thread_blocked, id=3040, stack(0x148b0000,0x14900000)]
  0x01f77000 JavaThread "main" [_thread_in_Java, id=2980, stack(0x01f20000,0x01f70000)]

Other Threads:
  0x0206d000 VMThread [stack: 0x14860000,0x148b0000] [id=5652]
  0x146c5800 WatcherThread [stack: 0x14b70000,0x14bc0000] [id=3048]

VM state:not at safepoint (normal execution)

VM Mutex/Monitor currently owned by a thread: None

Heap:
 def new generation   total 4928K, used 3319K [0x04200000, 0x04750000, 0x09750000)
  eden space 4416K,  66% used [0x04200000, 0x044e0268, 0x04650000)
  from space 512K,  73% used [0x046d0000, 0x0472dba0, 0x04750000)
  to   space 512K,   0% used [0x04650000, 0x04650000, 0x046d0000)
 tenured generation   total 10944K, used 3583K [0x09750000, 0x0a200000, 0x14200000)
   the space 10944K,  32% used [0x09750000, 0x09acfd50, 0x09acfe00, 0x0a200000)
 Metaspace       used 9578K, capacity 9752K, committed 9856K, reserved 10624K

Card table byte_map: [0x040f0000,0x04180000] byte_map_base: 0x040cf000

Polling page: 0x011a0000

CodeCache: size=32768Kb used=1379Kb max_used=1379Kb free=31388Kb
 bounds [0x02070000, 0x021d0000, 0x04070000]
 total_blobs=771 nmethods=506 adapters=196
 compilation: enabled

Compilation events (10 events):
Event: 5.398 Thread 0x146a2c00 nmethod 494 0x021bdb48 code [0x021bdc80, 0x021bdd3c]
Event: 5.398 Thread 0x146a2c00  495             org.apache.commons.math3.util.FastMath::sin (234 bytes)
Event: 5.400 Thread 0x146a2c00 nmethod 495 0x021bddc8 code [0x021bdf90, 0x021be338]
Event: 5.412 Thread 0x146a2c00  496 %           org.nd4j.linalg.api.rng.DefaultRandom::nextGaussian @ 15 (47 bytes)
Event: 5.413 Thread 0x146a2c00 nmethod 496% 0x021be508 code [0x021be650, 0x021bea74]
Event: 5.440 Thread 0x146a2c00  497             java.lang.Double::floatValue (6 bytes)
Event: 5.441 Thread 0x146a2c00 nmethod 497 0x021bee88 code [0x021bef80, 0x021bf000]
Event: 5.441 Thread 0x146a2c00  498             org.nd4j.linalg.api.ops.impl.scalar.ScalarDivision::op (10 bytes)
Event: 5.441 Thread 0x146a2c00 nmethod 498 0x021bf048 code [0x021bf150, 0x021bf1fc]
Event: 5.442 Thread 0x146a2c00  499             org.nd4j.linalg.api.parallel.tasks.cpu.scalar.CPUScalarOpAction::execute (1193 bytes)

GC Heap History (10 events):
Event: 4.839 GC heap before
{Heap before GC invocations=20 (full 0):
 def new generation   total 4928K, used 4875K [0x04200000, 0x04750000, 0x09750000)
  eden space 4416K, 100% used [0x04200000, 0x04650000, 0x04650000)
  from space 512K,  89% used [0x04650000, 0x046c2c60, 0x046d0000)
  to   space 512K,   0% used [0x046d0000, 0x046d0000, 0x04750000)
 tenured generation   total 10944K, used 3381K [0x09750000, 0x0a200000, 0x14200000)
   the space 10944K,  30% used [0x09750000, 0x09a9d4f8, 0x09a9d600, 0x0a200000)
 Metaspace       used 8703K, capacity 8856K, committed 8960K, reserved 9600K
Event: 4.841 GC heap after
Heap after GC invocations=21 (full 0):
 def new generation   total 4928K, used 321K [0x04200000, 0x04750000, 0x09750000)
  eden space 4416K,   0% used [0x04200000, 0x04200000, 0x04650000)
  from space 512K,  62% used [0x046d0000, 0x04720770, 0x04750000)
  to   space 512K,   0% used [0x04650000, 0x04650000, 0x046d0000)
 tenured generation   total 10944K, used 3487K [0x09750000, 0x0a200000, 0x14200000)
   the space 10944K,  31% used [0x09750000, 0x09ab7d48, 0x09ab7e00, 0x0a200000)
 Metaspace       used 8703K, capacity 8856K, committed 8960K, reserved 9600K
}
Event: 4.937 GC heap before
{Heap before GC invocations=21 (full 0):
 def new generation   total 4928K, used 4737K [0x04200000, 0x04750000, 0x09750000)
  eden space 4416K, 100% used [0x04200000, 0x04650000, 0x04650000)
  from space 512K,  62% used [0x046d0000, 0x04720770, 0x04750000)
  to   space 512K,   0% used [0x04650000, 0x04650000, 0x046d0000)
 tenured generation   total 10944K, used 3487K [0x09750000, 0x0a200000, 0x14200000)
   the space 10944K,  31% used [0x09750000, 0x09ab7d48, 0x09ab7e00, 0x0a200000)
 Metaspace       used 8912K, capacity 9048K, committed 9088K, reserved 9600K
Event: 4.940 GC heap after
Heap after GC invocations=22 (full 0):
 def new generation   total 4928K, used 381K [0x04200000, 0x04750000, 0x09750000)
  eden space 4416K,   0% used [0x04200000, 0x04200000, 0x04650000)
  from space 512K,  74% used [0x04650000, 0x046af758, 0x046d0000)
  to   space 512K,   0% used [0x046d0000, 0x046d0000, 0x04750000)
 tenured generation   total 10944K, used 3521K [0x09750000, 0x0a200000, 0x14200000)
   the space 10944K,  32% used [0x09750000, 0x09ac05c0, 0x09ac0600, 0x0a200000)
 Metaspace       used 8912K, capacity 9048K, committed 9088K, reserved 9600K
}
Event: 5.058 GC heap before
{Heap before GC invocations=22 (full 0):
 def new generation   total 4928K, used 4797K [0x04200000, 0x04750000, 0x09750000)
  eden space 4416K, 100% used [0x04200000, 0x04650000, 0x04650000)
  from space 512K,  74% used [0x04650000, 0x046af758, 0x046d0000)
  to   space 512K,   0% used [0x046d0000, 0x046d0000, 0x04750000)
 tenured generation   total 10944K, used 3521K [0x09750000, 0x0a200000, 0x14200000)
   the space 10944K,  32% used [0x09750000, 0x09ac05c0, 0x09ac0600, 0x0a200000)
 Metaspace       used 9099K, capacity 9240K, committed 9344K, reserved 9600K
Event: 5.060 GC heap after
Heap after GC invocations=23 (full 0):
 def new generation   total 4928K, used 319K [0x04200000, 0x04750000, 0x09750000)
  eden space 4416K,   0% used [0x04200000, 0x04200000, 0x04650000)
  from space 512K,  62% used [0x046d0000, 0x0471feb8, 0x04750000)
  to   space 512K,   0% used [0x04650000, 0x04650000, 0x046d0000)
 tenured generation   total 10944K, used 3537K [0x09750000, 0x0a200000, 0x14200000)
   the space 10944K,  32% used [0x09750000, 0x09ac44e0, 0x09ac4600, 0x0a200000)
 Metaspace       used 9099K, capacity 9240K, committed 9344K, reserved 9600K
}
Event: 5.264 GC heap before
{Heap before GC invocations=23 (full 0):
 def new generation   total 4928K, used 4735K [0x04200000, 0x04750000, 0x09750000)
  eden space 4416K, 100% used [0x04200000, 0x04650000, 0x04650000)
  from space 512K,  62% used [0x046d0000, 0x0471feb8, 0x04750000)
  to   space 512K,   0% used [0x04650000, 0x04650000, 0x046d0000)
 tenured generation   total 10944K, used 3537K [0x09750000, 0x0a200000, 0x14200000)
   the space 10944K,  32% used [0x09750000, 0x09ac44e0, 0x09ac4600, 0x0a200000)
 Metaspace       used 9389K, capacity 9528K, committed 9600K, reserved 9600K
Event: 5.267 GC heap after
Heap after GC invocations=24 (full 0):
 def new generation   total 4928K, used 322K [0x04200000, 0x04750000, 0x09750000)
  eden space 4416K,   0% used [0x04200000, 0x04200000, 0x04650000)
  from space 512K,  62% used [0x04650000, 0x046a08a8, 0x046d0000)
  to   space 512K,   0% used [0x046d0000, 0x046d0000, 0x04750000)
 tenured generation   total 10944K, used 3555K [0x09750000, 0x0a200000, 0x14200000)
   the space 10944K,  32% used [0x09750000, 0x09ac8db8, 0x09ac8e00, 0x0a200000)
 Metaspace       used 9389K, capacity 9528K, committed 9600K, reserved 9600K
}
Event: 5.435 GC heap before
{Heap before GC invocations=24 (full 0):
 def new generation   total 4928K, used 4738K [0x04200000, 0x04750000, 0x09750000)
  eden space 4416K, 100% used [0x04200000, 0x04650000, 0x04650000)
  from space 512K,  62% used [0x04650000, 0x046a08a8, 0x046d0000)
  to   space 512K,   0% used [0x046d0000, 0x046d0000, 0x04750000)
 tenured generation   total 10944K, used 3555K [0x09750000, 0x0a200000, 0x14200000)
   the space 10944K,  32% used [0x09750000, 0x09ac8db8, 0x09ac8e00, 0x0a200000)
 Metaspace       used 9554K, capacity 9720K, committed 9856K, reserved 10624K
Event: 5.438 GC heap after
Heap after GC invocations=25 (full 0):
 def new generation   total 4928K, used 374K [0x04200000, 0x04750000, 0x09750000)
  eden space 4416K,   0% used [0x04200000, 0x04200000, 0x04650000)
  from space 512K,  73% used [0x046d0000, 0x0472dba0, 0x04750000)
  to   space 512K,   0% used [0x04650000, 0x04650000, 0x046d0000)
 tenured generation   total 10944K, used 3583K [0x09750000, 0x0a200000, 0x14200000)
   the space 10944K,  32% used [0x09750000, 0x09acfd50, 0x09acfe00, 0x0a200000)
 Metaspace       used 9554K, capacity 9720K, committed 9856K, reserved 10624K
}

Deoptimization events (0 events):
No events

Internal exceptions (10 events):
Event: 1.154 Thread 0x01f77000 Exception <a 'java/security/PrivilegedActionException'> (0x0428e960) thrown at [C:\re\workspace\8-2-build-windows-i586-cygwin\jdk8u65\4987\hotspot\src\share\vm\prims\jvm.cpp, line 1386]
Event: 1.300 Thread 0x01f77000 Exception <a 'java/io/FileNotFoundException'> (0x04612048) thrown at [C:\re\workspace\8-2-build-windows-i586-cygwin\jdk8u65\4987\hotspot\src\share\vm\prims\jni.cpp, line 709]
Event: 1.623 Thread 0x01f77000 Exception <a 'java/io/FileNotFoundException'> (0x044df388) thrown at [C:\re\workspace\8-2-build-windows-i586-cygwin\jdk8u65\4987\hotspot\src\share\vm\prims\jni.cpp, line 709]
Event: 1.719 Thread 0x01f77000 Exception <a 'java/lang/NoSuchFieldError': method resolution failed> (0x04599fc8) thrown at [C:\re\workspace\8-2-build-windows-i586-cygwin\jdk8u65\4987\hotspot\src\share\vm\prims\methodHandles.cpp, line 1146]
Event: 1.723 Thread 0x01f77000 Exception <a 'java/lang/NoSuchFieldError': method resolution failed> (0x045a64b8) thrown at [C:\re\workspace\8-2-build-windows-i586-cygwin\jdk8u65\4987\hotspot\src\share\vm\prims\methodHandles.cpp, line 1146]
Event: 2.778 Thread 0x01f77000 Exception <a 'java/lang/UnsatisfiedLinkError'> (0x044d0800) thrown at [C:\re\workspace\8-2-build-windows-i586-cygwin\jdk8u65\4987\hotspot\src\share\vm\prims\jvm.cpp, line 3969]
Event: 2.778 Thread 0x01f77000 Exception <a 'java/lang/UnsatisfiedLinkError'> (0x044d0800) thrown at [C:\re\workspace\8-2-build-windows-i586-cygwin\jdk8u65\4987\hotspot\src\share\vm\prims\jni.cpp, line 709]
Event: 2.785 Thread 0x01f77000 Exception <a 'java/lang/ExceptionInInitializerError'> (0x044d1060) thrown at [C:\re\workspace\8-2-build-windows-i586-cygwin\jdk8u65\4987\hotspot\src\share\vm\oops\instanceKlass.cpp, line 945]
Event: 3.342 Thread 0x01f77000 Exception <a 'java/security/PrivilegedActionException'> (0x046065e8) thrown at [C:\re\workspace\8-2-build-windows-i586-cygwin\jdk8u65\4987\hotspot\src\share\vm\prims\jvm.cpp, line 1386]
Event: 3.342 Thread 0x01f77000 Exception <a 'java/security/PrivilegedActionException'> (0x046069c8) thrown at [C:\re\workspace\8-2-build-windows-i586-cygwin\jdk8u65\4987\hotspot\src\share\vm\prims\jvm.cpp, line 1386]

Events (10 events):
Event: 5.344 loading class org/deeplearning4j/nn/layers/feedforward/dense/DenseLayer done
Event: 5.345 loading class org/deeplearning4j/nn/params/DefaultParamInitializer
Event: 5.346 loading class org/deeplearning4j/nn/params/DefaultParamInitializer done
Event: 5.435 Executing VM operation: GenCollectForAllocation
Event: 5.438 Executing VM operation: GenCollectForAllocation done
Event: 5.439 Thread 0x15f62400 Thread added: 0x15f62400
Event: 5.439 Thread 0x15f63000 Thread added: 0x15f63000
Event: 5.439 loading class java/util/concurrent/ForkJoinPool$EmptyTask
Event: 5.440 loading class java/util/concurrent/ForkJoinPool$EmptyTask done
Event: 5.440 Thread 0x15f63800 Thread added: 0x15f63800


Dynamic libraries:
0x002e0000 - 0x00313000 	C:\Program Files\Java\jdk1.8.0_65\bin\javaw.exe
0x776c0000 - 0x7782a000 	C:\windows\SYSTEM32\ntdll.dll
0x76d60000 - 0x76e60000 	C:\windows\system32\KERNEL32.DLL
0x751f0000 - 0x752c9000 	C:\windows\system32\KERNELBASE.dll
0x73e30000 - 0x73ed0000 	C:\windows\system32\apphelp.dll
0x782d0000 - 0x78536000 	C:\windows\AppPatch\AcGenral.DLL
0x775f0000 - 0x776b3000 	C:\windows\system32\msvcrt.dll
0x77520000 - 0x77561000 	C:\windows\SYSTEM32\sechost.dll
0x74d00000 - 0x74d24000 	C:\windows\SYSTEM32\SspiCli.dll
0x76a30000 - 0x76a75000 	C:\windows\system32\SHLWAPI.dll
0x73f10000 - 0x73ffe000 	C:\windows\SYSTEM32\UxTheme.dll
0x77110000 - 0x77265000 	C:\windows\system32\USER32.dll
0x77320000 - 0x77433000 	C:\windows\system32\GDI32.dll
0x71a00000 - 0x71a23000 	C:\windows\SYSTEM32\WINMM.dll
0x70980000 - 0x70993000 	C:\windows\SYSTEM32\samcli.dll
0x76e60000 - 0x76f89000 	C:\windows\system32\ole32.dll
0x77280000 - 0x77315000 	C:\windows\system32\OLEAUT32.dll
0x57600000 - 0x57617000 	C:\windows\SYSTEM32\MSACM32.dll
0x6e980000 - 0x6e988000 	C:\windows\SYSTEM32\VERSION.dll
0x756e0000 - 0x7699c000 	C:\windows\system32\SHELL32.dll
0x74660000 - 0x7467b000 	C:\windows\SYSTEM32\USERENV.dll
0x73630000 - 0x7364a000 	C:\windows\SYSTEM32\dwmapi.dll
0x6f0a0000 - 0x6f1eb000 	C:\windows\SYSTEM32\urlmon.dll
0x753b0000 - 0x7542c000 	C:\windows\system32\ADVAPI32.dll
0x64810000 - 0x64875000 	C:\windows\SYSTEM32\WINSPOOL.DRV
0x6bba0000 - 0x6bbb6000 	C:\windows\SYSTEM32\MPR.dll
0x752e0000 - 0x753b0000 	C:\windows\system32\RPCRT4.dll
0x76f90000 - 0x7710d000 	C:\windows\SYSTEM32\combase.dll
0x71580000 - 0x715a3000 	C:\windows\SYSTEM32\WINMMBASE.dll
0x74ed0000 - 0x74edf000 	C:\windows\SYSTEM32\profapi.dll
0x6ee60000 - 0x6f092000 	C:\windows\SYSTEM32\iertutil.dll
0x6ec50000 - 0x6ee5d000 	C:\windows\SYSTEM32\WININET.dll
0x74f50000 - 0x74f8c000 	C:\windows\SYSTEM32\cfgmgr32.dll
0x74050000 - 0x74071000 	C:\windows\SYSTEM32\DEVOBJ.dll
0x769a0000 - 0x76a2b000 	C:\windows\system32\SHCORE.DLL
0x774f0000 - 0x77516000 	C:\windows\system32\IMM32.DLL
0x76ad0000 - 0x76be2000 	C:\windows\system32\MSCTF.dll
0x72ee0000 - 0x730e6000 	C:\windows\WinSxS\x86_microsoft.windows.common-controls_6595b64144ccf1df_6.0.9600.18006_none_a9ec6aab013aafee\COMCTL32.dll
0x61e20000 - 0x61edf000 	C:\Program Files\Java\jdk1.8.0_65\jre\bin\msvcr100.dll
0x6d080000 - 0x6d444000 	C:\Program Files\Java\jdk1.8.0_65\jre\bin\client\jvm.dll
0x64880000 - 0x64888000 	C:\windows\SYSTEM32\WSOCK32.dll
0x752d0000 - 0x752d6000 	C:\windows\system32\PSAPI.DLL
0x76a80000 - 0x76ad0000 	C:\windows\system32\WS2_32.dll
0x774e0000 - 0x774e7000 	C:\windows\system32\NSI.dll
0x735e0000 - 0x735ec000 	C:\Program Files\Java\jdk1.8.0_65\jre\bin\verify.dll
0x69160000 - 0x69181000 	C:\Program Files\Java\jdk1.8.0_65\jre\bin\java.dll
0x68a80000 - 0x68a93000 	C:\Program Files\Java\jdk1.8.0_65\jre\bin\zip.dll
0x535f0000 - 0x53735000 	C:\Program Files\Java\jdk1.8.0_65\jre\bin\awt.dll
0x74970000 - 0x74989000 	C:\windows\SYSTEM32\CRYPTSP.dll
0x745d0000 - 0x74600000 	C:\windows\system32\rsaenh.dll
0x74aa0000 - 0x74ac0000 	C:\windows\SYSTEM32\bcrypt.dll
0x74d80000 - 0x74dd4000 	C:\windows\system32\bcryptprimitives.dll
0x74de0000 - 0x74dea000 	C:\windows\SYSTEM32\CRYPTBASE.dll
0x64f10000 - 0x64f26000 	C:\Program Files\Java\jdk1.8.0_65\jre\bin\net.dll
0x74810000 - 0x7485b000 	C:\windows\system32\mswsock.dll
0x70b50000 - 0x70b70000 	C:\windows\SYSTEM32\IPHLPAPI.DLL
0x70b20000 - 0x70b28000 	C:\windows\SYSTEM32\WINNSI.DLL
0x70060000 - 0x70073000 	C:\windows\SYSTEM32\dhcpcsvc6.DLL
0x70570000 - 0x70584000 	C:\windows\SYSTEM32\dhcpcsvc.DLL
0x6b3d0000 - 0x6b3df000 	C:\Program Files\Java\jdk1.8.0_65\jre\bin\nio.dll
0x64980000 - 0x64e88000 	C:\Users\Aek\AppData\Local\Temp\jniloader5648602448868096587netlib-native_ref-win-i686.dll

VM Arguments:
jvm_args: -Dfile.encoding=UTF-8 
java_command: com.depies.dl4j_tutorial.App
java_class_path (initial): D:\Essex\Master Project\Code\gvgai-master\dl4j-tutorial\target\classes;C:\Users\Aek\.m2\repository\org\deeplearning4j\deeplearning4j-nlp\0.4-rc3.8\deeplearning4j-nlp-0.4-rc3.8.jar;C:\Users\Aek\.m2\repository\org\apache\lucene\lucene-analyzers-common\5.3.1\lucene-analyzers-common-5.3.1.jar;C:\Users\Aek\.m2\repository\org\apache\lucene\lucene-core\5.3.1\lucene-core-5.3.1.jar;C:\Users\Aek\.m2\repository\org\apache\lucene\lucene-queryparser\5.3.1\lucene-queryparser-5.3.1.jar;C:\Users\Aek\.m2\repository\org\apache\lucene\lucene-queries\5.3.1\lucene-queries-5.3.1.jar;C:\Users\Aek\.m2\repository\org\apache\lucene\lucene-sandbox\5.3.1\lucene-sandbox-5.3.1.jar;C:\Users\Aek\.m2\repository\org\deeplearning4j\deeplearning4j-scaleout-akka\0.4-rc3.8\deeplearning4j-scaleout-akka-0.4-rc3.8.jar;C:\Users\Aek\.m2\repository\javax\ws\rs\javax.ws.rs-api\2.0.1\javax.ws.rs-api-2.0.1.jar;C:\Users\Aek\.m2\repository\io\dropwizard\dropwizard-core\0.8.0\dropwizard-core-0.8.0.jar;C:\Users\Aek\.m2\repository\io\dropwizard\dropwizard-util\0.8.0\dropwizard-util-0.8.0.jar;C:\Users\Aek\.m2\repository\com\google\code\findbugs\jsr305\3.0.0\jsr305-3.0.0.jar;C:\Users\Aek\.m2\repository\joda-time\joda-time\2.7\joda-time-2.7.jar;C:\Users\Aek\.m2\repository\io\dropwizard\dropwizard-jackson\0.8.0\dropwizard-jackson-0.8.0.jar;C:\Users\Aek\.m2\repository\com\fasterxml\jackson\datatype\jackson-datatype-jdk7\2.5.1\jackson-datatype-jdk7-2.5.1.jar;C:\Users\Aek\.m2\repository\com\fasterxml\jackson\datatype\jackson-datatype-guava\2.5.1\jackson-datatype-guava-2.5.1.jar;C:\Users\Aek\.m2\repository\com\fasterxml\jackson\module\jackson-module-afterburner\2.5.1\jackson-module-afterburner-2.5.1.jar;C:\Users\Aek\.m2\repository\com\fasterxml\jackson\datatype\jackson-datatype-joda\2.5.1\jackson-datatype-joda-2.5.1.jar;C:\Users\Aek\.m2\repository\io\dropwizard\dropwizard-validation\0.8.0\dropwizard-validation-0.8.0.jar;C:\Users\Aek\.m2\repository\org\hibernate\hibernate-validator\5.1.3.Final\hib
Launcher Type: SUN_STANDARD

Environment Variables:
JAVA_HOME=C:\Program Files\Java\jdk1.8.0_65
CLASSPATH=.;.;D:\Program Files\JMF2.1.1e\lib\sound.jar;D:\Program Files\JMF2.1.1e\lib\jmf.jar;D:\Program Files\JMF2.1.1e\lib;D:\Essex\Master Project\Code\apache-maven-3.3.9-bin\apache-maven-3.3.9\bin;
PATH=C:/Program Files/Java/jre1.8.0_77/bin/client;C:/Program Files/Java/jre1.8.0_77/bin;C:/Program Files/Java/jre1.8.0_77/lib/i386;C:\ProgramData\Oracle\Java\javapath;C:\Program Files\Java\jdk1.8.0_65;d:\essex\ce807 text analytics\user\scripts;C:\ProgramData\chocolatey\bin;C:\program files\Java\jdk1.8.0\bin;D:\Essex\CE807 Text Analytics\User;D:\Essex\CE807 Text Analytics\User\Scripts;D:\Essex\Master Project\Code\apache-maven-3.3.9-bin\apache-maven-3.3.9\bin;;D:\Essex\eclipse-java-kepler-SR2-win32\eclipse;
USERNAME=Aek
OS=Windows_NT
PROCESSOR_IDENTIFIER=x86 Family 6 Model 55 Stepping 8, GenuineIntel



---------------  S Y S T E M  ---------------

OS: Windows 8.1 Build 9600 (6.3.9600.17415)

CPU:total 4 (4 cores per cpu, 1 threads per core) family 6 model 55 stepping 8, cmov, cx8, fxsr, mmx, sse, sse2, sse3, ssse3, sse4.1, sse4.2, popcnt, aes, clmul, erms, 3dnowpref, tsc, tscinvbit

Memory: 4k page, physical 2034584k(533940k free), swap 3608352k(4108k free)

vm_info: Java HotSpot(TM) Client VM (25.65-b01) for windows-x86 JRE (1.8.0_65-b17), built on Oct  6 2015 17:26:22 by "java_re" with MS VC++ 10.0 (VS2010)

time: Wed Mar 30 12:19:30 2016
elapsed time: 5 seconds (0d 0h 0m 5s)

